This mapping 'snapshot_20171003' was designed for MC 1.12! Use at your own peril.This mapping 'snapshot_20171003' was designed for MC 1.12! Use at your own peril.

:deobfCompileDummyTask
:deobfProvidedDummyTask
:sourceApiJava
:compileApiJava UP-TO-DATE
:processApiResources UP-TO-DATE
:apiClasses UP-TO-DATE
:generateMetadata
:sourceMainJava
:compileJavaNote: Reading extra plugin metadata from D:\Development\Projects\xPPokeHunt\build\tmp\generateMetadata\mcmod.info
D:\Development\Projects\xPPokeHunt\build\sources\main\java\com\xpgaming\xphunt\Main.java:48: warning: Missing plugin description
@Plugin(id = Main.id, name = Main.name, version = "0.5",
^
Note: Writing plugin metadata to D:\Development\Projects\xPPokeHunt\build\tmp\generateMetadata\mcmod.info
1 warning

:processResources
:classes
:jar
:sourceTestJava
:compileTestJava UP-TO-DATE
:processTestResources UP-TO-DATE
:testClasses UP-TO-DATE
:test UP-TO-DATE
:extractMcpData SKIPPED
:extractMcpMappings SKIPPED
:getVersionJson
:extractUserdev UP-TO-DATE
:genSrgs SKIPPED
:reobfJar
:extractRangemapReplacedMain
D:\Development\Projects\xPPokeHunt\build\sources\main\java
:retromapReplacedMain
remapping source...
:sourceJar
:assemble
:check UP-TO-DATE
:build

BUILD SUCCESSFUL

Total time: 7.886 secs
